[36minfo[39m: Welcome to Appium v1.3.7 (REV 72fbfaa116d3d9f6a862600ee99cf02f6d0e2182)
[36minfo[39m: Appium REST http interface listener started on 0.0.0.0:4723
[36minfo[39m: Console LogLevel: debug
[36minfo[39m: [37m-->[39m [37mDELETE[39m [37m/wd/hub/session/29d2d219-170b-4d3d-85b8-e4672f38232c[39m [90m{}[39m
[36minfo[39m: [37m<-- DELETE /wd/hub/session/29d2d219-170b-4d3d-85b8-e4672f38232c [39m[33m404[39m[90m 17.050 ms - 40[39m [90m[39m
[36minfo[39m: [37m-->[39m [37mPOST[39m [37m/wd/hub/session[39m [90m{"desiredCapabilities":{"platformName":"ios","deviceName":"iPhone 5s","platformVersion":"8.1","app":"/Users/solsticeba2/Desktop/TestSmartOffice/build/SmartOffice.app"}}[39m
[36minfo[39m: Client User-Agent string: appium/ruby_lib/6.0.0
[36minfo[39m: [debug] Using local app from desired caps: /Users/solsticeba2/Desktop/TestSmartOffice/build/SmartOffice.app
[36minfo[39m: [debug] Creating new appium session 1a692594-52b5-490f-8818-d184f8b3456b
[36minfo[39m: [debug] Removing any remaining instruments sockets
[36minfo[39m: [debug] Cleaned up instruments socket /tmp/instruments_sock
[36minfo[39m: [debug] Setting Xcode folder
[36minfo[39m: [debug] Setting Xcode version
[36minfo[39m: [debug] Setting iOS SDK Version
[36minfo[39m: [debug] Getting sdk version from xcrun with a timeout
[36minfo[39m: [debug] iOS SDK Version set to 8.1
[36minfo[39m: [debug] Checking whether instruments supports our device string
[36minfo[39m: [debug] Getting list of devices instruments supports
[36minfo[39m: [debug] Instruments is at: /Applications/Xcode.app/Contents/Developer/usr/bin/instruments
[36minfo[39m: [debug] Getting device string from opts: {"forceIphone":false,"forceIpad":false,"xcodeVersion":"6.1.1","iOSSDKVersion":"8.1","deviceName":"iPhone 5s","platformVersion":"8.1"}
[36minfo[39m: [debug] fixDevice is on
[36minfo[39m: [debug] Final device string is: 'iPhone 5s (8.1 Simulator)'
[36minfo[39m: [debug] iOS sim UDID is B50DF3D3-4FAD-4763-B98B-6B8334F39642
[36minfo[39m: [debug] Detecting automation tracetemplate
[36minfo[39m: [debug] Not auto-detecting udid, running on sim
[36minfo[39m: [debug] Could not parse plist file (as binary) at /Users/solsticeba2/Desktop/TestSmartOffice/build/SmartOffice.app/en.lproj/Localizable.strings
[36minfo[39m: Will try to parse the plist file as XML
[36minfo[39m: [debug] Could not parse plist file (as XML) at /Users/solsticeba2/Desktop/TestSmartOffice/build/SmartOffice.app/en.lproj/Localizable.strings
[33mwarn[39m: Could not parse app Localizable.strings assuming it doesn't exist
[36minfo[39m: [debug] Getting bundle ID from app
[36minfo[39m: [debug] Parsed app Info.plist (as binary)
[36minfo[39m: [debug] Creating instruments
[36minfo[39m: On some xcode 6 platforms, instruments-without-delay does not work. If you experience this, you will need to re-run appium with the --native-instruments-lib flag
[36minfo[39m: [debug] Preparing uiauto bootstrap
[36minfo[39m: [debug] Dynamic bootstrap dir: /Users/solsticeba2/Library/Application Support/appium/bootstrap
[36minfo[39m: [debug] Dynamic env: {"nodePath":"/usr/local/Cellar/node/0.12.2_1/bin/node","commandProxyClientPath":"/Applications/Appium.app/Contents/Resources/node_modules/appium/node_modules/appium-uiauto/bin/command-proxy-client.js","instrumentsSock":"/tmp/instruments_sock","interKeyDelay":null,"justLoopInfinitely":false,"autoAcceptAlerts":false,"autoDismissAlerts":false,"sendKeyStrategy":"oneByOne"}
[36minfo[39m: [debug] Dynamic bootstrap code: // This file is automatically generated. Do not manually modify!...
[36minfo[39m: [debug] Dynamic bootstrap path: /Users/solsticeba2/Library/Application Support/appium/bootstrap/bootstrap-172de7346d5bac5d.js
[36minfo[39m: [debug] Reusing dynamic bootstrap: /Users/solsticeba2/Library/Application Support/appium/bootstrap/bootstrap-172de7346d5bac5d.js
[36minfo[39m: [debug] Getting device string from opts: {"forceIphone":false,"forceIpad":false,"xcodeVersion":"6.1.1","iOSSDKVersion":"8.1","deviceName":"iPhone 5s","platformVersion":"8.1"}
[36minfo[39m: [debug] fixDevice is on
[36minfo[39m: [debug] Final device string is: 'iPhone 5s (8.1 Simulator)'
[36minfo[39m: [debug] We're on iOS7.1+ so forcing defaultDevice on
[36minfo[39m: [debug] Getting device string from opts: {"forceIphone":false,"forceIpad":false,"xcodeVersion":"6.1.1","iOSSDKVersion":"8.1","deviceName":"iPhone 5s","platformVersion":"8.1"}
[36minfo[39m: [debug] fixDevice is on
[36minfo[39m: [debug] Final device string is: 'iPhone 5s (8.1 Simulator)'
[36minfo[39m: [debug] Parsed app Info.plist (as binary)
[36minfo[39m: [debug] Wrote new app Info.plist with device type
[36minfo[39m: [debug] Checking whether we need to set app preferences
[36minfo[39m: [debug] Running ios sim reset flow
[36minfo[39m: [debug] Killing the simulator process
[36minfo[39m: [debug] Killall iOS Simulator
[36minfo[39m: [debug] Killing any other simulator daemons
[36minfo[39m: [debug] Cleaning sim data files
info Executing: xcrun simctl erase B50DF3D3-4FAD-4763-B98B-6B8334F39642 with timeout 2000 
[36minfo[39m: [debug] Cleaning app data files
[33mwarn[39m: Applications directory /Users/solsticeba2/Library/Developer/CoreSimulator/Devices/B50DF3D3-4FAD-4763-B98B-6B8334F39642/data/Containers/Data/Application doesn't exist. Have you run this simulator before?
[33mwarn[39m: Applications directory /Users/solsticeba2/Library/Developer/CoreSimulator/Devices/B50DF3D3-4FAD-4763-B98B-6B8334F39642/data/Containers/Bundle/Application doesn't exist. Have you run this simulator before?
[36minfo[39m: Couldn't find app directories to delete. Probably it's not installed
[36minfo[39m: [debug] Not setting locale
[36minfo[39m: [debug] No iOS / app preferences to set
[36minfo[39m: [debug] Starting iOS 8.* simulator log capture
[36minfo[39m: [debug] Not pre-launching simulator
[36minfo[39m: [debug] No device id or app, not installing to real device.
[36minfo[39m: [debug] Starting command proxy.
[36minfo[39m: [debug] Instruments socket server started at /tmp/instruments_sock
[36minfo[39m: [debug] Starting instruments
[36minfo[39m: [debug] Instruments is at: /Applications/Xcode.app/Contents/Developer/usr/bin/instruments
[36minfo[39m: Launching instruments
[36minfo[39m: [debug] Attempting to run app on iPhone 5s (8.1 Simulator)
[36minfo[39m: [debug] Spawning instruments with command: /Applications/Xcode.app/Contents/Developer/usr/bin/instruments -t /Applications/Xcode.app/Contents/Applications/Instruments.app/Contents/PlugIns/AutomationInstrument.xrplugin/Contents/Resources/Automation.tracetemplate -D /tmp/appium-instruments/instrumentscli0.trace -w "iPhone 5s (8.1 Simulator)" /Users/solsticeba2/Desktop/TestSmartOffice/build/SmartOffice.app -e UIASCRIPT "/Users/solsticeba2/Library/Application Support/appium/bootstrap/bootstrap-172de7346d5bac5d.js" -e UIARESULTSPATH /tmp/appium-instruments
[36minfo[39m: [debug] And extra without-delay env: {"DYLD_INSERT_LIBRARIES":"/Applications/Appium.app/Contents/Resources/node_modules/appium/node_modules/appium-instruments/thirdparty/iwd6/InstrumentsShim.dylib","LIB_PATH":"/Applications/Appium.app/Contents/Resources/node_modules/appium/node_modules/appium-instruments/thirdparty/iwd6"}
[36minfo[39m: [debug] And launch timeouts (in ms): {"global":90000}
[36minfo[39m: [debug] [32m[INST] Waiting for device to boot...[39m
[36minfo[39m: Instruments is ready to receive commands
[36minfo[39m: [debug] Instruments launched. Starting poll loop for new commands.
[36minfo[39m: [debug] Setting bootstrap config keys/values
[36minfo[39m: [debug] Pushing command to appium work queue: "target = $.target();\nau = $;\n$.isVerbose = true;\n"
[36minfo[39m: [debug] Socket data received (2 bytes)
[36minfo[39m: [debug] Socket data being routed.
[36minfo[39m: [debug] Sending command to instruments: target = $.target();
au = $;
$.isVerbose = true;

[36minfo[39m: [debug] [32m[INST] 2015-04-16 20:52:03 +0000 Debug: evaluation finished[39m
[36minfo[39m: [debug] [32m[INST] 2015-04-16 20:52:03 +0000 Debug: responding with:[39m
[36minfo[39m: [debug] [32m[INST] 2015-04-16 20:52:03 +0000 Debug: Running system command #1: /usr/local/Cellar/node/0.12.2_1/bin/node /Applications/Appium.app/Contents/Resources/node_modules/appium/node_modules/appium-uiauto/bin/command-proxy-client.js /tmp/instruments_sock 2,{"status":0,"value":true}...[39m
[36minfo[39m: [debug] Socket data received (27 bytes)
[36minfo[39m: [debug] Socket data being routed.
[36minfo[39m: [debug] Got result from instruments: {"status":0,"value":true}
[36minfo[39m: [debug] Setting initial orientation to PORTRAIT
[36minfo[39m: [debug] Pushing command to appium work queue: "au.setScreenOrientation('PORTRAIT')"
[36minfo[39m: [debug] Sending command to instruments: au.setScreenOrientation('PORTRAIT')
[36minfo[39m: [debug] [32m[INST] 2015-04-16 20:52:03 +0000 Debug: Got new command 1 from instruments: au.setScreenOrientation('PORTRAIT')[39m
[36minfo[39m: [debug] [32m[INST] 2015-04-16 20:52:03 +0000 Debug: evaluating au.setScreenOrientation('PORTRAIT')[39m
[36minfo[39m: [debug] [32m[INST] 2015-04-16 20:52:03 +0000 Debug: target.setDeviceOrientation("1")[39m
[36minfo[39m: [debug] [32m[INST] 2015-04-16 20:52:04 +0000 Debug: evaluation finished[39m
[36minfo[39m: [debug] [32m[INST] 2015-04-16 20:52:04 +0000 Debug: responding with:[39m
[36minfo[39m: [debug] [32m[INST] 2015-04-16 20:52:04 +0000 Debug: Running system command #2: /usr/local/Cellar/node/0.12.2_1/bin/node /Applications/Appium.app/Contents/Resources/node_modules/appium/node_modules/appium-uiauto/bin/command-proxy-client.js /tmp/instruments_sock 2,{"status":0,"value":"PORTRAIT"}...[39m
[36minfo[39m: [debug] Socket data received (33 bytes)
[36minfo[39m: [debug] Socket data being routed.
[36minfo[39m: [debug] Got result from instruments: {"status":0,"value":"PORTRAIT"}
[36minfo[39m: [debug] Waiting for app source to contain elements
[36minfo[39m: [debug] Pushing command to appium work queue: "au.mainApp().getTreeForXML()"
[36minfo[39m: [debug] Sending command to instruments: au.mainApp().getTreeForXML()
[36minfo[39m: [debug] [32m[INST] 2015-04-16 20:52:04 +0000 Debug: Got new command 2 from instruments: au.mainApp().getTreeForXML()[39m
[36minfo[39m: [debug] [32m[INST] 2015-04-16 20:52:04 +0000 Debug: evaluating au.mainApp().getTreeForXML()[39m
[36minfo[39m: [debug] [32m[INST] 2015-04-16 20:52:04 +0000 Debug: evaluation finished[39m
[36minfo[39m: [debug] [32m[INST] 2015-04-16 20:52:04 +0000 Debug: responding with:true,"valid":true,"visible":true,"hint":null,"path":"/0/0","x":0,"y":0,"width":320,"height":568},">":[{"UIAImage":{"@":{"name":"solstice-logo-color-knockout.png","label":null,"value":null,"dom":null,"enabled":true,"valid":true,"visible":true,"hint":null,"path":"/0/0/0","x":0,"y":69,"width":320,"height":174},">":[]}},{"UIAButton":{"@":{"name":"I am an Employee","label":"I am an Employee","value":null,"dom":null,"enabled":true,"valid":true,"visible":true,"hint":null,"path":"/0/0/1","x":0,"y":373,"width":320,"height":102},">":[]}},{"UIAButton":{"@":{"name":"I am a Guest","label":"I am a Guest","value":null,"dom":null,"enabled":true,"valid":true,"visible":true,"hint":null,"path":"/0/0/2","x":0,"y":480,"width":320,"height":88},">":[]}}]}},{"UIAWindow":{"@":{"name":null,"label":null,"value":null,"dom":null,"enabled":true,"valid":true,"visible":false,"hint":null,"path":"/0/1","x":0,"y":0,"width":320,"height":568},">":[]}},{"UIAWindow":{"@":{"name":null,"label":null,"value":null,"dom":null,"enabled":true,"valid":true,"visible":true,"hint":null,"path":"/0/2","x":0,"y":0,"width":320,"height":568},">":[{"UIAStatusBar":{"@":{"name":null,"label":null,"value":null,"dom":null,"enabled":true,"valid":true,"visible":true,"hint":null,"path":"/0/2/0","x":0,"y":0,"width":320,"height":20},">":[{"UIAElement":{"@":{"name":"Swipe down with three fingers to reveal the notification center., Swipe up with three fingers to reveal the control center, Double-tap to scroll to top","label":null,"value":null,"dom":null,"enabled":true,"valid":true,"visible":true,"hint":"Swipe down with three fingers to reveal the notification center., Swipe up with three fingers to reveal the control center, Double-tap to scroll to top","path":"/0/2/0/0","x":6,"y":0,"width":38,"height":20},">":[]}},{"UIAElement":{"@":{"name":"3 of 3 Wi-Fi bars","label":"3 of 3 Wi-Fi bars","value":null,"dom":null,"enabled":true,"valid":true,"visible":true,"hint":"Swipe down with three fingers to reveal the notification center., Swipe up with three fingers to reveal the control center, Double-tap to scroll to top","path":"/0/2/0/1","x":49,"y":0,"width":13,"height":20},">":[]}},{"UIAElement":{"@":{"name":"5:52 PM","label":"5:52 PM","value":null,"dom":null,"enabled":true,"valid":true,"visible":true,"hint":"Swipe down with three fingers to reveal the notification center., Swipe up with three fingers to reveal the control center, Double-tap to scroll to top","path":"/0/2/0/2","x":137,"y":0,"width":47,"height":20},">":[]}},{"UIAElement":{"@":{"name":"100% battery power","label":"100% battery power","value":null,"dom":null,"enabled":true,"valid":true,"visible":true,"hint":"Swipe down with three fingers to reveal the notification center., Swipe up with three fingers to reveal the control center, Double-tap to scroll to top","path":"/0/2/0/3","x":290,"y":0,"width":25,"height":20},">":[]}}]}}]}}]}}}[39m
[36minfo[39m: [debug] [32m[INST] 2015-04-16 20:52:04 +0000 Debug: Running system command #3: /usr/local/Cellar/node/0.12.2_1/bin/node /Applications/Appium.app/Contents/Resources/node_modules/appium/node_modules/appium-uiauto/bin/command-proxy-client.js /tmp/instruments_sock 2,{"status":0,"value":{"UIAApplication":{"@":{"name":"SmartOffice","label":"SmartOffice","value":null,"dom":null,"enab...[39m
[36minfo[39m: [debug] Socket data received (3174 bytes)
[36minfo[39m: [debug] Socket data being routed.
[36minfo[39m: [debug] Got result from instruments: {"status":0,"value":{"UIAApplication":{"@":{"name":"SmartOffice","label":"SmartOffice","value":null,"dom":null,"enabled":true,"valid":true,"visible":true,"hint":null,"path":"/0","x":0,"y":20,"width":320,"height":548},">":[{"UIAWindow":{"@":{"name":null,"label":null,"value":null,"dom":null,"enabled":
[36minfo[39m: [debug] Device launched! Ready for commands
[36minfo[39m: [debug] Setting command timeout to the default of 60 secs
[36minfo[39m: [debug] Appium session started with sessionId 1a692594-52b5-490f-8818-d184f8b3456b
[36minfo[39m: [37m<-- POST /wd/hub/session [39m[36m303[39m[90m 18679.280 ms - 74[39m [90m[39m
[36minfo[39m: [37m-->[39m [37mGET[39m [37m/wd/hub/session/1a692594-52b5-490f-8818-d184f8b3456b[39m [90m{}[39m
[36minfo[39m: [debug] Responding to client with success: {"status":0,"value":{"webStorageEnabled":false,"locationContextEnabled":false,"browserName":"iOS","platform":"MAC","javascriptEnabled":true,"databaseEnabled":false,"takesScreenshot":true,"networkConnectionEnabled":false,"warnings":{},"desired":{"platformName":"ios","deviceName":"iPhone 5s","platformVersion":"8.1","app":"/Users/solsticeba2/Desktop/TestSmartOffice/build/SmartOffice.app"},"platformName":"ios","deviceName":"iPhone 5s","platformVersion":"8.1","app":"/Users/solsticeba2/Desktop/TestSmartOffice/build/SmartOffice.app"},"sessionId":"1a692594-52b5-490f-8818-d184f8b3456b"}
[36minfo[39m: [37m<-- GET /wd/hub/session/1a692594-52b5-490f-8818-d184f8b3456b [39m[32m200[39m[90m 5.006 ms - 584[39m [90m{"status":0,"value":{"webStorageEnabled":false,"locationContextEnabled":false,"browserName":"iOS","platform":"MAC","javascriptEnabled":true,"databaseEnabled":false,"takesScreenshot":true,"networkConnectionEnabled":false,"warnings":{},"desired":{"platformName":"ios","deviceName":"iPhone 5s","platformVersion":"8.1","app":"/Users/solsticeba2/Desktop/TestSmartOffice/build/SmartOffice.app"},"platformName":"ios","deviceName":"iPhone 5s","platformVersion":"8.1","app":"/Users/solsticeba2/Desktop/TestSmartOffice/build/SmartOffice.app"},"sessionId":"1a692594-52b5-490f-8818-d184f8b3456b"}[39m
[36minfo[39m: [37m-->[39m [37mPOST[39m [37m/wd/hub/session/1a692594-52b5-490f-8818-d184f8b3456b/timeouts/implicit_wait[39m [90m{"ms":30000}[39m
[36minfo[39m: [debug] Set iOS implicit wait to 30000ms
[36minfo[39m: [debug] Responding to client with success: {"status":0,"value":null,"sessionId":"1a692594-52b5-490f-8818-d184f8b3456b"}
[36minfo[39m: [37m<-- POST /wd/hub/session/1a692594-52b5-490f-8818-d184f8b3456b/timeouts/implicit_wait [39m[32m200[39m[90m 4.242 ms - 76[39m [90m{"status":0,"value":null,"sessionId":"1a692594-52b5-490f-8818-d184f8b3456b"}[39m
[36minfo[39m: [37m-->[39m [37mPOST[39m [37m/wd/hub/session/1a692594-52b5-490f-8818-d184f8b3456b/element[39m [90m{"using":"name","value":"I am a Guest"}[39m
[33mwarn[39m: [DEPRECATED] The name locator strategy has been deprecated and will be removed.  Please use the accessibility id locator strategy instead.
[36minfo[39m: [debug] Waiting up to 30000ms for condition
[36minfo[39m: [debug] Pushing command to appium work queue: "au.getElementByName('I am a Guest')"
[36minfo[39m: [debug] Sending command to instruments: au.getElementByName('I am a Guest')
[36minfo[39m: [debug] [32m[INST] 2015-04-16 20:52:04 +0000 Debug: Got new command 3 from instruments: au.getElementByName('I am a Guest')[39m
[36minfo[39m: [debug] [32m[INST] 2015-04-16 20:52:04 +0000 Debug: evaluating au.getElementByName('I am a Guest')[39m
[36minfo[39m: [debug] [32m[INST] 2015-04-16 20:52:04 +0000 Debug: evaluation finished[39m
[36minfo[39m: [debug] [32m[INST] 2015-04-16 20:52:04 +0000 Debug: Lookup returned [object UIAButton] with the name "I am a Guest" (id: 0).[39m
[36minfo[39m: [debug] [32m[INST] 2015-04-16 20:52:04 +0000 Debug: responding with:[39m
[36minfo[39m: [debug] [32m[INST] 2015-04-16 20:52:04 +0000 Debug: Running system command #4: /usr/local/Cellar/node/0.12.2_1/bin/node /Applications/Appium.app/Contents/Resources/node_modules/appium/node_modules/appium-uiauto/bin/command-proxy-client.js /tmp/instruments_sock 2,{"status":0,"value":{"ELEMENT":"0"}}...[39m
[36minfo[39m: [debug] Socket data received (38 bytes)
[36minfo[39m: [debug] Socket data being routed.
[36minfo[39m: [debug] Got result from instruments: {"status":0,"value":{"ELEMENT":"0"}}
[36minfo[39m: [debug] Responding to client with success: {"status":0,"value":{"ELEMENT":"0"},"sessionId":"1a692594-52b5-490f-8818-d184f8b3456b"}
[36minfo[39m: [37m<-- POST /wd/hub/session/1a692594-52b5-490f-8818-d184f8b3456b/element [39m[32m200[39m[90m 135.640 ms - 87[39m [90m{"status":0,"value":{"ELEMENT":"0"},"sessionId":"1a692594-52b5-490f-8818-d184f8b3456b"}[39m
[36minfo[39m: [37m-->[39m [37mGET[39m [37m/wd/hub/session/1a692594-52b5-490f-8818-d184f8b3456b/element/0/size[39m [90m{}[39m
[36minfo[39m: [debug] Pushing command to appium work queue: "au.getElement('0').getElementSize()"
[36minfo[39m: [debug] Sending command to instruments: au.getElement('0').getElementSize()
[36minfo[39m: [debug] [32m[INST] 2015-04-16 20:52:04 +0000 Debug: Got new command 4 from instruments: au.getElement('0').getElementSize()[39m
[36minfo[39m: [debug] [32m[INST] 2015-04-16 20:52:04 +0000 Debug: evaluating au.getElement('0').getElementSize()[39m
[36minfo[39m: [debug] [32m[INST] 2015-04-16 20:52:04 +0000 Debug: evaluation finished[39m
[36minfo[39m: [debug] [32m[INST] 2015-04-16 20:52:04 +0000 Debug: responding with:[39m
[36minfo[39m: [debug] [32m[INST] 2015-04-16 20:52:04 +0000 Debug: Running system command #5: /usr/local/Cellar/node/0.12.2_1/bin/node /Applications/Appium.app/Contents/Resources/node_modules/appium/node_modules/appium-uiauto/bin/command-proxy-client.js /tmp/instruments_sock 2,{"status":0,"value":{"width":320,"height":88}}...[39m
[36minfo[39m: [debug] Socket data received (48 bytes)
[36minfo[39m: [debug] Socket data being routed.
[36minfo[39m: [debug] Got result from instruments: {"status":0,"value":{"width":320,"height":88}}
[36minfo[39m: [debug] Responding to client with success: {"status":0,"value":{"width":320,"height":88},"sessionId":"1a692594-52b5-490f-8818-d184f8b3456b"}
[36minfo[39m: [37m<-- GET /wd/hub/session/1a692594-52b5-490f-8818-d184f8b3456b/element/0/size [39m[32m200[39m[90m 100.613 ms - 97[39m [90m{"status":0,"value":{"width":320,"height":88},"sessionId":"1a692594-52b5-490f-8818-d184f8b3456b"}[39m
[36minfo[39m: [37m-->[39m [37mGET[39m [37m/wd/hub/session/1a692594-52b5-490f-8818-d184f8b3456b/element/0/attribute/name[39m [90m{}[39m
[36minfo[39m: [debug] Pushing command to appium work queue: "au.getElement('0').name()"
[36minfo[39m: [debug] Sending command to instruments: au.getElement('0').name()
[36minfo[39m: [debug] [32m[INST] 2015-04-16 20:52:04 +0000 Debug: Got new command 5 from instruments: au.getElement('0').name()[39m
[36minfo[39m: [debug] [32m[INST] 2015-04-16 20:52:04 +0000 Debug: evaluating au.getElement('0').name()[39m
[36minfo[39m: [debug] [32m[INST] 2015-04-16 20:52:04 +0000 Debug: evaluation finished[39m
[36minfo[39m: [debug] [32m[INST] 2015-04-16 20:52:04 +0000 Debug: responding with:[39m
[36minfo[39m: [debug] [32m[INST] 2015-04-16 20:52:04 +0000 Debug: Running system command #6: /usr/local/Cellar/node/0.12.2_1/bin/node /Applications/Appium.app/Contents/Resources/node_modules/appium/node_modules/appium-uiauto/bin/command-proxy-client.js /tmp/instruments_sock 2,{"status":0,"value":"I am a Guest"}...[39m
[36minfo[39m: [debug] Socket data received (37 bytes)
[36minfo[39m: [debug] Socket data being routed.
[36minfo[39m: [debug] Got result from instruments: {"status":0,"value":"I am a Guest"}
[36minfo[39m: [debug] Responding to client with success: {"status":0,"value":"I am a Guest","sessionId":"1a692594-52b5-490f-8818-d184f8b3456b"}
[36minfo[39m: [37m<-- GET /wd/hub/session/1a692594-52b5-490f-8818-d184f8b3456b/element/0/attribute/name [39m[32m200[39m[90m 94.388 ms - 86[39m [90m{"status":0,"value":"I am a Guest","sessionId":"1a692594-52b5-490f-8818-d184f8b3456b"}[39m
[36minfo[39m: [37m-->[39m [37mPOST[39m [37m/wd/hub/session/1a692594-52b5-490f-8818-d184f8b3456b/element[39m [90m{"using":"name","value":"I am a Guest"}[39m
[36minfo[39m: [debug] Waiting up to 30000ms for condition
[36minfo[39m: [debug] Pushing command to appium work queue: "au.getElementByName('I am a Guest')"
[36minfo[39m: [debug] Sending command to instruments: au.getElementByName('I am a Guest')
[36minfo[39m: [debug] [32m[INST] 2015-04-16 20:52:04 +0000 Debug: Got new command 6 from instruments: au.getElementByName('I am a Guest')[39m
[36minfo[39m: [debug] [32m[INST] 2015-04-16 20:52:04 +0000 Debug: evaluating au.getElementByName('I am a Guest')[39m
[36minfo[39m: [debug] [32m[INST] 2015-04-16 20:52:04 +0000 Debug: evaluation finished[39m
[36minfo[39m: [debug] [32m[INST] 2015-04-16 20:52:04 +0000 Debug: Lookup returned [object UIAButton] with the name "I am a Guest" (id: 1).[39m
[36minfo[39m: [debug] [32m[INST] 2015-04-16 20:52:04 +0000 Debug: responding with:[39m
[36minfo[39m: [debug] [32m[INST] 2015-04-16 20:52:04 +0000 Debug: Running system command #7: /usr/local/Cellar/node/0.12.2_1/bin/node /Applications/Appium.app/Contents/Resources/node_modules/appium/node_modules/appium-uiauto/bin/command-proxy-client.js /tmp/instruments_sock 2,{"status":0,"value":{"ELEMENT":"1"}}...[39m
[36minfo[39m: [debug] Socket data received (38 bytes)
[36minfo[39m: [debug] Socket data being routed.
[36minfo[39m: [debug] Got result from instruments: {"status":0,"value":{"ELEMENT":"1"}}
[36minfo[39m: [debug] Responding to client with success: {"status":0,"value":{"ELEMENT":"1"},"sessionId":"1a692594-52b5-490f-8818-d184f8b3456b"}
[36minfo[39m: [37m<-- POST /wd/hub/session/1a692594-52b5-490f-8818-d184f8b3456b/element [39m[32m200[39m[90m 121.065 ms - 87[39m [90m{"status":0,"value":{"ELEMENT":"1"},"sessionId":"1a692594-52b5-490f-8818-d184f8b3456b"}[39m
[36minfo[39m: [37m-->[39m [37mPOST[39m [37m/wd/hub/session/1a692594-52b5-490f-8818-d184f8b3456b/element/1/click[39m [90m{}[39m
[36minfo[39m: [debug] Pushing command to appium work queue: "au.tapById('1')"
[36minfo[39m: [debug] Sending command to instruments: au.tapById('1')
[36minfo[39m: [debug] [32m[INST] 2015-04-16 20:52:04 +0000 Debug: Got new command 7 from instruments: au.tapById('1')[39m
[36minfo[39m: [debug] [32m[INST] 2015-04-16 20:52:04 +0000 Debug: evaluating au.tapById('1')[39m
[36minfo[39m: [debug] [32m[INST] 2015-04-16 20:52:04 +0000 Debug: UIAButton.tap()[39m
[36minfo[39m: [debug] [32m[INST] 2015-04-16 20:52:05 +0000 Debug: evaluation finished[39m
[36minfo[39m: [debug] [32m[INST] 2015-04-16 20:52:05 +0000 Debug: responding with:[39m
[36minfo[39m: [debug] [32m[INST] 2015-04-16 20:52:05 +0000 Debug: Running system command #8: /usr/local/Cellar/node/0.12.2_1/bin/node /Applications/Appium.app/Contents/Resources/node_modules/appium/node_modules/appium-uiauto/bin/command-proxy-client.js /tmp/instruments_sock 2,{"status":0,"value":""}...[39m
[36minfo[39m: [debug] Socket data received (25 bytes)
[36minfo[39m: [debug] Socket data being routed.
[36minfo[39m: [debug] Got result from instruments: {"status":0,"value":""}
[36minfo[39m: [debug] Responding to client with success: {"status":0,"value":"","sessionId":"1a692594-52b5-490f-8818-d184f8b3456b"}
[36minfo[39m: [37m<-- POST /wd/hub/session/1a692594-52b5-490f-8818-d184f8b3456b/element/1/click [39m[32m200[39m[90m 294.832 ms - 74[39m [90m{"status":0,"value":"","sessionId":"1a692594-52b5-490f-8818-d184f8b3456b"}[39m
[36minfo[39m: [37m-->[39m [37mPOST[39m [37m/wd/hub/session/1a692594-52b5-490f-8818-d184f8b3456b/element[39m [90m{"using":"xpath","value":"//UIAApplication[1]/UIAWindow[1]/UIAScrollView[1]"}[39m
[36minfo[39m: [debug] Waiting up to 30000ms for condition
[36minfo[39m: [debug] Pushing command to appium work queue: "au.mainApp().getTreeForXML()"
[36minfo[39m: [debug] Sending command to instruments: au.mainApp().getTreeForXML()
[36minfo[39m: [debug] [32m[INST] 2015-04-16 20:52:05 +0000 Debug: Got new command 8 from instruments: au.mainApp().getTreeForXML()[39m
[36minfo[39m: [debug] [32m[INST] 2015-04-16 20:52:05 +0000 Debug: evaluating au.mainApp().getTreeForXML()[39m
[36minfo[39m: [debug] [32m[INST] 2015-04-16 20:52:05 +0000 Debug: evaluation finished[39m
[36minfo[39m: [debug] [32m[INST] 2015-04-16 20:52:05 +0000 Debug: responding with:true,"valid":true,"visible":true,"hint":null,"path":"/0/0","x":0,"y":0,"width":320,"height":568},">":[{"UIANavigationBar":{"@":{"name":"SOGuestLoginView","label":null,"value":null,"dom":null,"enabled":true,"valid":true,"visible":true,"hint":null,"path":"/0/0/0","x":0,"y":20,"width":320,"height":44},">":[{"UIAImage":{"@":{"name":null,"label":null,"value":null,"dom":null,"enabled":true,"valid":true,"visible":false,"hint":null,"path":"/0/0/0/0","x":0,"y":0,"width":320,"height":64},">":[{"UIAImage":{"@":{"name":null,"label":null,"value":null,"dom":null,"enabled":true,"valid":true,"visible":false,"hint":null,"path":"/0/0/0/0/0","x":0,"y":64,"width":320,"height":0},">":[]}}]}},{"UIAButton":{"@":{"name":"Back","label":"Back","value":null,"dom":null,"enabled":true,"valid":true,"visible":true,"hint":null,"path":"/0/0/0/1","x":8,"y":26,"width":58,"height":30},">":[]}},{"UIAButton":{"@":{"name":"Back","label":"Back","value":null,"dom":null,"enabled":true,"valid":true,"visible":true,"hint":null,"path":"/0/0/0/2","x":8,"y":31.5,"width":21,"height":21},">":[]}}]}},{"UIAImage":{"@":{"name":"solstice-logo-color-knockout.png","label":null,"value":null,"dom":null,"enabled":true,"valid":true,"visible":true,"hint":null,"path":"/0/0/1","x":-96,"y":69,"width":320,"height":174},">":[]}},{"UIAButton":{"@":{"name":"I am an Employee","label":"I am an Employee","value":null,"dom":null,"enabled":true,"valid":true,"visible":true,"hint":null,"path":"/0/0/2","x":-96,"y":373,"width":320,"height":102},">":[]}},{"UIAButton":{"@":{"name":"I am a Guest","label":"I am a Guest","value":null,"dom":null,"enabled":true,"valid":true,"visible":false,"hint":null,"path":"/0/0/3","x":-96,"y":480,"width":320,"height":88},">":[]}},{"UIAImage":{"@":{"name":"UINavigationVerticalColumnShadow.png","label":null,"value":null,"dom":null,"enabled":true,"valid":true,"visible":false,"hint":null,"path":"/0/0/4","x":-9,"y":0,"width":9,"height":568},">":[]}},{"UIAScrollView":{"@":{"name":null,"label":null,"value":null,"dom":null,"enabled":true,"valid":true,"visible":true,"hint":null,"path":"/0/0/5","x":0,"y":0,"width":320,"height":612},">":[{"UIAImage":{"@":{"name":"solstice-logo-color-knockout.png","label":null,"value":null,"dom":null,"enabled":true,"valid":true,"visible":true,"hint":null,"path":"/0/0/5/0","x":0,"y":69,"width":320,"height":174},">":[]}},{"UIAStaticText":{"@":{"name":"Guest Credentials","label":"Guest Credentials","value":"Guest Credentials","dom":null,"enabled":true,"valid":true,"visible":true,"hint":null,"path":"/0/0/5/1","x":13,"y":271,"width":292,"height":31},">":[]}},{"UIATextField":{"@":{"name":null,"label":"","value":"Email","dom":null,"enabled":true,"valid":true,"visible":true,"hint":null,"path":"/0/0/5/2","x":13,"y":309,"width":292,"height":42},">":[{"UIATextField":{"@":{"name":null,"label":"","value":"Email","dom":null,"enabled":true,"valid":true,"visible":true,"hint":null,"path":"/0/0/5/2/0","x":13,"y":309,"width":292,"height":42},">":[]}}]}},{"UIATextField":{"@":{"name":null,"label":"","value":"Pin","dom":null,"enabled":true,"valid":true,"visible":true,"hint":null,"path":"/0/0/5/3","x":13,"y":378,"width":292,"height":42},">":[{"UIATextField":{"@":{"name":null,"label":"","value":"Pin","dom":null,"enabled":true,"valid":true,"visible":true,"hint":null,"path":"/0/0/5/3/0","x":13,"y":378,"width":292,"height":42},">":[]}}]}},{"UIAButton":{"@":{"name":"Login","label":"Login","value":null,"dom":null,"enabled":true,"valid":true,"visible":true,"hint":null,"path":"/0/0/5/4","x":0,"y":480,"width":320,"height":88},">":[]}},{"UIAImage":{"@":{"name":null,"label":null,"value":null,"dom":null,"enabled":true,"valid":true,"visible":false,"hint":null,"path":"/0/0/5/5","x":317.5,"y":605,"width":2.5,"height":7},">":[]}}]}}]}},{"UIAWindow":{"@":{"name":null,"label":null,"value":null,"dom":null,"enabled":true,"valid":true,"visible":false,"hint":null,"path":"/0/1","x":0,"y":0,"width":320,"height":568},">":[]}},{"UIAWindow":{"@":{"name":null,"label":null,"value":null,"dom":null,"enabled":true,"valid":true,"visible":true,"hint":null,"path":"/0/2","x":0,"y":0,"width":320,"height":568},">":[{"UIAStatusBar":{"@":{"name":null,"label":null,"value":null,"dom":null,"enabled":true,"valid":true,"visible":true,"hint":null,"path":"/0/2/0","x":0,"y":0,"width":320,"height":20},">":[{"UIAElement":{"@":{"name":"Swipe down with three fingers to reveal the notification center., Swipe up with three fingers to reveal the control center, Double-tap to scroll to top","label":null,"value":null,"dom":null,"enabled":true,"valid":true,"visible":true,"hint":"Swipe down with three fingers to reveal the notification center., Swipe up with three fingers to reveal the control center, Double-tap to scroll to top","path":"/0/2/0/0","x":6,"y":0,"width":38,"height":20},">":[]}},{"UIAElement":{"@":{"name":"3 of 3 Wi-Fi bars","label":"3 of 3 Wi-Fi bars","value":null,"dom":null,"enabled":true,"valid":true,"visible":true,"hint":"Swipe down with three fingers to reveal the notification center., Swipe up with three fingers to reveal the control center, Double-tap to scroll to top","path":"/0/2/0/1","x":49,"y":0,"width":13,"height":20},">":[]}},{"UIAElement":{"@":{"name":"5:52 PM","label":"5:52 PM","value":null,"dom":null,"enabled":true,"valid":true,"visible":true,"hint":"Swipe down with three fingers to reveal the notification center., Swipe up with three fingers to reveal the control center, Double-tap to scroll to top","path":"/0/2/0/2","x":137,"y":0,"width":47,"height":20},">":[]}},{"UIAElement":{"@":{"name":"100% battery power","label":"100% battery power","value":null,"dom":null,"enabled":true,"valid":true,"visible":true,"hint":"Swipe down with three fingers to reveal the notification center., Swipe up with three fingers to reveal the control center, Double-tap to scroll to top","path":"/0/2/0/3","x":290,"y":0,"width":25,"height":20},">":[]}}]}}]}}]}}}[39m
[36minfo[39m: [debug] [32m[INST] 2015-04-16 20:52:05 +0000 Debug: Running system command #9: /usr/local/Cellar/node/0.12.2_1/bin/node /Applications/Appium.app/Contents/Resources/node_modules/appium/node_modules/appium-uiauto/bin/command-proxy-client.js /tmp/instruments_sock 2,{"status":0,"value":{"UIAApplication":{"@":{"name":"SmartOffice","label":"SmartOffice","value":null,"dom":null,"enab...[39m
[36minfo[39m: [debug] Socket data received (6172 bytes)
[36minfo[39m: [debug] Socket data being routed.
[36minfo[39m: [debug] Got result from instruments: {"status":0,"value":{"UIAApplication":{"@":{"name":"SmartOffice","label":"SmartOffice","value":null,"dom":null,"enabled":true,"valid":true,"visible":true,"hint":null,"path":"/0","x":0,"y":20,"width":320,"height":548},">":[{"UIAWindow":{"@":{"name":null,"label":null,"value":null,"dom":null,"enabled":
[36minfo[39m: [debug] Pushing command to appium work queue: "au.getElementByIndexPath('/0/0/5')"
[36minfo[39m: [debug] Sending command to instruments: au.getElementByIndexPath('/0/0/5')
[36minfo[39m: [debug] [32m[INST] 2015-04-16 20:52:05 +0000 Debug: Got new command 9 from instruments: au.getElementByIndexPath('/0/0/5')[39m
[36minfo[39m: [debug] [32m[INST] 2015-04-16 20:52:05 +0000 Debug: evaluating au.getElementByIndexPath('/0/0/5')[39m
[36minfo[39m: [debug] [32m[INST] 2015-04-16 20:52:05 +0000 Debug: evaluation finished[39m
[36minfo[39m: [debug] [32m[INST] 2015-04-16 20:52:05 +0000 Debug: responding with:[39m
[36minfo[39m: [debug] [32m[INST] 2015-04-16 20:52:05 +0000 Debug: Running system command #10: /usr/local/Cellar/node/0.12.2_1/bin/node /Applications/Appium.app/Contents/Resources/node_modules/appium/node_modules/appium-uiauto/bin/command-proxy-client.js /tmp/instruments_sock 2,{"status":0,"value":{"ELEMENT":"2"}}...[39m
[36minfo[39m: [debug] Socket data received (38 bytes)
[36minfo[39m: [debug] Socket data being routed.
[36minfo[39m: [debug] Got result from instruments: {"status":0,"value":{"ELEMENT":"2"}}
[36minfo[39m: [debug] Responding to client with success: {"status":0,"value":{"ELEMENT":"2"},"sessionId":"1a692594-52b5-490f-8818-d184f8b3456b"}
[36minfo[39m: [37m<-- POST /wd/hub/session/1a692594-52b5-490f-8818-d184f8b3456b/element [39m[32m200[39m[90m 359.211 ms - 87[39m [90m{"status":0,"value":{"ELEMENT":"2"},"sessionId":"1a692594-52b5-490f-8818-d184f8b3456b"}[39m
[36minfo[39m: [37m-->[39m [37mPOST[39m [37m/wd/hub/session/1a692594-52b5-490f-8818-d184f8b3456b/element[39m [90m{"using":"name","value":"Login"}[39m
[36minfo[39m: [debug] Waiting up to 30000ms for condition
[36minfo[39m: [debug] Pushing command to appium work queue: "au.getElementByName('Login')"
[36minfo[39m: [debug] Sending command to instruments: au.getElementByName('Login')
[36minfo[39m: [debug] [32m[INST] 2015-04-16 20:52:05 +0000 Debug: Got new command 10 from instruments: au.getElementByName('Login')[39m
[36minfo[39m: [debug] [32m[INST] 2015-04-16 20:52:05 +0000 Debug: evaluating au.getElementByName('Login')[39m
[36minfo[39m: [debug] [32m[INST] 2015-04-16 20:52:05 +0000 Debug: evaluation finished[39m
[36minfo[39m: [debug] [32m[INST] 2015-04-16 20:52:05 +0000 Debug: Lookup returned [object UIAButton] with the name "Login" (id: 3).[39m
[36minfo[39m: [debug] [32m[INST] 2015-04-16 20:52:05 +0000 Debug: responding with:[39m
[36minfo[39m: [debug] [32m[INST] 2015-04-16 20:52:05 +0000 Debug: Running system command #11: /usr/local/Cellar/node/0.12.2_1/bin/node /Applications/Appium.app/Contents/Resources/node_modules/appium/node_modules/appium-uiauto/bin/command-proxy-client.js /tmp/instruments_sock 2,{"status":0,"value":{"ELEMENT":"3"}}...[39m
[36minfo[39m: [debug] Socket data received (38 bytes)
[36minfo[39m: [debug] Socket data being routed.
[36minfo[39m: [debug] Got result from instruments: {"status":0,"value":{"ELEMENT":"3"}}
[36minfo[39m: [debug] Responding to client with success: {"status":0,"value":{"ELEMENT":"3"},"sessionId":"1a692594-52b5-490f-8818-d184f8b3456b"}
[36minfo[39m: [37m<-- POST /wd/hub/session/1a692594-52b5-490f-8818-d184f8b3456b/element [39m[32m200[39m[90m 125.974 ms - 87[39m [90m{"status":0,"value":{"ELEMENT":"3"},"sessionId":"1a692594-52b5-490f-8818-d184f8b3456b"}[39m
[36minfo[39m: [37m-->[39m [37mGET[39m [37m/wd/hub/session/1a692594-52b5-490f-8818-d184f8b3456b/contexts[39m [90m{}[39m
[36minfo[39m: [debug] [90m[REMOTE] Debugger socket connected to ::1:27753[39m
[36minfo[39m: [debug] [90m[REMOTE] Sending connection key[39m
[36minfo[39m: [debug] [90m[REMOTE] Sending _rpc_reportIdentifier: message to remote debugger[39m
[36minfo[39m: [debug] [90m[REMOTE] {"__argument":{"WIRConnectionIdentifierKey":"d78089a1-77dc-404c-bca5-6abd391c7540"},"__selector":"_rpc_reportIdentifier:"}[39m
[36minfo[39m: [debug] [90m[REMOTE] Receiving data from remote debugger[39m
[36minfo[39m: [debug] [90m[REMOTE] {"__argument":{"WIRSimulatorBuildKey":"12B411","WIRSimulatorProductVersionKey":"8.1","WIRSimulatorNameKey":"iPhone Simulator"},"__selector":"_rpc_reportSetup:"}[39m
[36minfo[39m: [debug] [90m[REMOTE] Sim name: iPhone Simulator[39m
[36minfo[39m: [debug] [90m[REMOTE] Sim build: 12B411[39m
[36minfo[39m: [debug] [90m[REMOTE] {"__argument":{"WIRApplicationDictionaryKey":{}},"__selector":"_rpc_reportConnectedApplicationList:"}[39m
[33mwarn[39m: Remote debugger did not list com.solsticemobile.SmartOffice among its available apps
[36minfo[39m: [debug] [90m[REMOTE] Disconnecting from remote debugger[39m
[36minfo[39m: [debug] Responding to client with success: {"status":0,"value":["NATIVE_APP"],"sessionId":"1a692594-52b5-490f-8818-d184f8b3456b"}
[36minfo[39m: [37m<-- GET /wd/hub/session/1a692594-52b5-490f-8818-d184f8b3456b/contexts [39m[32m200[39m[90m 221.172 ms - 86[39m [90m{"status":0,"value":["NATIVE_APP"],"sessionId":"1a692594-52b5-490f-8818-d184f8b3456b"}[39m
[36minfo[39m: [debug] [90m[REMOTE] Debugger socket disconnected[39m
[36minfo[39m: [37m-->[39m [37mPOST[39m [37m/wd/hub/session/1a692594-52b5-490f-8818-d184f8b3456b/execute[39m [90m{"script":"        (function() {\n        var opts = {\"typeArray\":[\"UIATextField\",\"UIASecureTextField\"],\"onlyVisible\":true,\"name\":{\"target\":\"Email\",\"substring\":true,\"insensitive\":true},\"label\":{\"target\":\"Email\",\"substring\":true,\"insensitive\":true},\"value\":{\"target\":\"Email\",\"substring\":true,\"insensitive\":true},\"onlyFirst\":true}\n\n        return $.mainWindow()._elementOrElementsByType(opts);\n        })();\n","args":[]}[39m
[36minfo[39m: [debug] Pushing command to appium work queue: "        (function() {\n        var opts = {\"typeArray\":[\"UIATextField\",\"UIASecureTextField\"],\"onlyVisible\":true,\"name\":{\"target\":\"Email\",\"substring\":true,\"insensitive\":true},\"label\":{\"target\":\"Email\",\"substring\":true,\"insensitive\":true},\"value\":{\"target\":\"Email\",\"substring\":true,\"insensitive\":true},\"onlyFirst\":true}\n\n        return $.mainWindow()._elementOrElementsByType(opts);\n        })();\n"
[36minfo[39m: [debug] Sending command to instruments:         (function() {
        var opts = {"typeArray":["UIATextField","UIASecureTextField"],"onlyVisible":true,"name":{"target":"Email","substring":true,"insensitive":true},"label":{"target":"Email","substring":true,"insensitive":true},"value":{"target":"Email","substring":true,"insensitive":true},"onlyFirst":true}

        return $.mainWindow()._elementOrElementsByType(opts);
        })();

[36minfo[39m: [debug] Socket data received (40 bytes)
[36minfo[39m: [debug] Socket data being routed.
[36minfo[39m: [debug] Got result from instruments: {"status":0,"value":[{"ELEMENT":"4"}]}
[36minfo[39m: [debug] Responding to client with success: {"status":0,"value":[{"ELEMENT":"4"}],"sessionId":"1a692594-52b5-490f-8818-d184f8b3456b"}
[36minfo[39m: [37m<-- POST /wd/hub/session/1a692594-52b5-490f-8818-d184f8b3456b/execute [39m[32m200[39m[90m 104.564 ms - 89[39m [90m{"status":0,"value":[{"ELEMENT":"4"}],"sessionId":"1a692594-52b5-490f-8818-d184f8b3456b"}[39m
[36minfo[39m: [37m-->[39m [37mGET[39m [37m/wd/hub/session/1a692594-52b5-490f-8818-d184f8b3456b/element/4/size[39m [90m{}[39m
[36minfo[39m: [debug] Pushing command to appium work queue: "au.getElement('4').getElementSize()"
[36minfo[39m: [debug] Sending command to instruments: au.getElement('4').getElementSize()
[36minfo[39m: [debug] [32m[INST] 2015-04-16 20:52:05 +0000 Debug: Got new command 11 from instruments:         (function() {
               var opts = {"typeArray":["UIATextField","UIASecureTextField"],"onlyVisible":true,"name":{"target":"Email","substring":true,"insensitive":true},"label":{"target":"Email","substring":true,"insensitive":true},"value":{"target":"Email","substring":true,"insensitive":true},"onlyFirst":true}
        return $.mainWindow()._elementOrElementsByType(opts);
        })();

[39m
[36minfo[39m: [debug] [32m[INST] 2015-04-16 20:52:05 +0000 Debug: evaluating         (function() {
               var opts = {"typeArray":["UIATextField","UIASecureTextField"],"onlyVisible":true,"name":{"target":"Email","substring":true,"insensitive":true},"label":{"target":"Email","substring":true,"insensitive":true},"value":{"target":"Email","substring":true,"insensitive":true},"onlyFirst":true}
        return $.mainWindow()._elementOrElementsByType(opts);
        })();

[39m
[36minfo[39m: [debug] [32m[INST] 2015-04-16 20:52:05 +0000 Debug: evaluation finished[39m
[36minfo[39m: [debug] [32m[INST] 2015-04-16 20:52:05 +0000 Debug: responding with:[39m
[36minfo[39m: [debug] [32m[INST] 2015-04-16 20:52:05 +0000 Debug: Running system command #12: /usr/local/Cellar/node/0.12.2_1/bin/node /Applications/Appium.app/Contents/Resources/node_modules/appium/node_modules/appium-uiauto/bin/command-proxy-client.js /tmp/instruments_sock 2,{"status":0,"value":[{"ELEMENT":"4"}]}...[39m
[36minfo[39m: [debug] [32m[INST] 2015-04-16 20:52:06 +0000 Debug: Got new command 12 from instruments: au.getElement('4').getElementSize()[39m
[36minfo[39m: [debug] [32m[INST] 2015-04-16 20:52:06 +0000 Debug: evaluating au.getElement('4').getElementSize()[39m
[36minfo[39m: [debug] [32m[INST] 2015-04-16 20:52:06 +0000 Debug: evaluation finished[39m
[36minfo[39m: [debug] [32m[INST] 2015-04-16 20:52:06 +0000 Debug: responding with:[39m
[36minfo[39m: [debug] [32m[INST] 2015-04-16 20:52:06 +0000 Debug: Running system command #13: /usr/local/Cellar/node/0.12.2_1/bin/node /Applications/Appium.app/Contents/Resources/node_modules/appium/node_modules/appium-uiauto/bin/command-proxy-client.js /tmp/instruments_sock 2,{"status":0,"value":{"width":292,"height":42}}...[39m
[36minfo[39m: [debug] Socket data received (48 bytes)
[36minfo[39m: [debug] Socket data being routed.
[36minfo[39m: [debug] Got result from instruments: {"status":0,"value":{"width":292,"height":42}}
[36minfo[39m: [debug] Responding to client with success: {"status":0,"value":{"width":292,"height":42},"sessionId":"1a692594-52b5-490f-8818-d184f8b3456b"}
[36minfo[39m: [37m<-- GET /wd/hub/session/1a692594-52b5-490f-8818-d184f8b3456b/element/4/size [39m[32m200[39m[90m 80.957 ms - 97[39m [90m{"status":0,"value":{"width":292,"height":42},"sessionId":"1a692594-52b5-490f-8818-d184f8b3456b"}[39m
[36minfo[39m: [37m-->[39m [37mGET[39m [37m/wd/hub/session/1a692594-52b5-490f-8818-d184f8b3456b/element/4/location[39m [90m{}[39m
[33mwarn[39m: location will be removed in a future version of Appium, please use location_in_view
[36minfo[39m: [debug] Pushing command to appium work queue: "au.getElement('4').getElementLocation()"
[36minfo[39m: [debug] Sending command to instruments: au.getElement('4').getElementLocation()
[36minfo[39m: [debug] [32m[INST] 2015-04-16 20:52:06 +0000 Debug: Got new command 13 from instruments: au.getElement('4').getElementLocation()[39m
[36minfo[39m: [debug] [32m[INST] 2015-04-16 20:52:06 +0000 Debug: evaluating au.getElement('4').getElementLocation()[39m
[36minfo[39m: [debug] [32m[INST] 2015-04-16 20:52:06 +0000 Debug: evaluation finished[39m
[36minfo[39m: [debug] [32m[INST] 2015-04-16 20:52:06 +0000 Debug: responding with:[39m
[36minfo[39m: [debug] Socket data received (39 bytes)
[36minfo[39m: [debug] [32m[INST] 2015-04-16 20:52:06 +0000 Debug: Running system command #14: /usr/local/Cellar/node/0.12.2_1/bin/node /Applications/Appium.app/Contents/Resources/node_modules/appium/node_modules/appium-uiauto/bin/command-proxy-client.js /tmp/instruments_sock 2,{"status":0,"value":{"x":13,"y":309}}...[39m
[36minfo[39m: [debug] Socket data being routed.
[36minfo[39m: [debug] Got result from instruments: {"status":0,"value":{"x":13,"y":309}}
[36minfo[39m: [debug] Responding to client with success: {"status":0,"value":{"x":13,"y":309},"sessionId":"1a692594-52b5-490f-8818-d184f8b3456b"}
[36minfo[39m: [37m<-- GET /wd/hub/session/1a692594-52b5-490f-8818-d184f8b3456b/element/4/location [39m[32m200[39m[90m 85.716 ms - 88[39m [90m{"status":0,"value":{"x":13,"y":309},"sessionId":"1a692594-52b5-490f-8818-d184f8b3456b"}[39m
[36minfo[39m: [37m-->[39m [37mPOST[39m [37m/wd/hub/session/1a692594-52b5-490f-8818-d184f8b3456b/element/4/value[39m [90m{"value":["busyoscar123@gmail.com"]}[39m
[36minfo[39m: [debug] Pushing command to appium work queue: "au.getElement('4').setValueByType('busyoscar123@gmail.com')"
[36minfo[39m: [debug] Sending command to instruments: au.getElement('4').setValueByType('busyoscar123@gmail.com')
[36minfo[39m: [debug] [32m[INST] 2015-04-16 20:52:06 +0000 Debug: Got new command 14 from instruments: au.getElement('4').setValueByType('busyoscar123@gmail.com')[39m
[36minfo[39m: [debug] [32m[INST] 2015-04-16 20:52:06 +0000 Debug: evaluating au.getElement('4').setValueByType('busyoscar123@gmail.com')[39m
[36minfo[39m: [debug] [32m[INST] 2015-04-16 20:52:06 +0000 Debug: No keyboard found. Tapping to make visible.[39m
[36minfo[39m: [debug] [32m[INST] 2015-04-16 20:52:06 +0000 Debug: target.frontMostApp().mainWindow().elements()[1].elements()[2].tap()[39m
[36minfo[39m: [debug] [32m[INST] 2015-04-16 20:52:06 +0000 Debug: Still no keyboard found. Tapping again to make visible.[39m
[36minfo[39m: [debug] [32m[INST] 2015-04-16 20:52:06 +0000 Debug: target.frontMostApp().mainWindow().elements()[1].elements()[2].tap()[39m
[36minfo[39m: [debug] [32m[INST] 2015-04-16 20:52:07 +0000 Debug: target.frontMostApp().keyboard().typeString("b")[39m
[36minfo[39m: [debug] [32m[INST] 2015-04-16 20:52:07 +0000 Debug: target.frontMostApp().keyboard().typeString("u")[39m
[36minfo[39m: [debug] [32m[INST] 2015-04-16 20:52:08 +0000 Debug: target.frontMostApp().keyboard().typeString("s")[39m
[36minfo[39m: [debug] [32m[INST] 2015-04-16 20:52:08 +0000 Debug: target.frontMostApp().keyboard().typeString("y")[39m
[36minfo[39m: [debug] [32m[INST] 2015-04-16 20:52:08 +0000 Debug: target.frontMostApp().keyboard().typeString("o")[39m
[36minfo[39m: [debug] [32m[INST] 2015-04-16 20:52:09 +0000 Debug: target.frontMostApp().keyboard().typeString("s")[39m
[36minfo[39m: [debug] [32m[INST] 2015-04-16 20:52:09 +0000 Debug: target.frontMostApp().keyboard().typeString("c")[39m
[36minfo[39m: [debug] [32m[INST] 2015-04-16 20:52:10 +0000 Debug: target.frontMostApp().keyboard().typeString("a")[39m
[36minfo[39m: [debug] [32m[INST] 2015-04-16 20:52:10 +0000 Debug: target.frontMostApp().keyboard().typeString("r")[39m
[36minfo[39m: [debug] [32m[INST] 2015-04-16 20:52:10 +0000 Debug: target.frontMostApp().keyboard().typeString("1")[39m
[36minfo[39m: [debug] [32m[INST] 2015-04-16 20:52:11 +0000 Debug: target.frontMostApp().keyboard().typeString("2")[39m
[36minfo[39m: [debug] [32m[INST] 2015-04-16 20:52:11 +0000 Debug: target.frontMostApp().keyboard().typeString("3")[39m
[36minfo[39m: [debug] [32m[INST] 2015-04-16 20:52:12 +0000 Debug: target.frontMostApp().keyboard().typeString("@")[39m
[36minfo[39m: [debug] [32m[INST] 2015-04-16 20:52:12 +0000 Debug: target.frontMostApp().keyboard().typeString("g")[39m
[36minfo[39m: [debug] [32m[INST] 2015-04-16 20:52:12 +0000 Debug: target.frontMostApp().keyboard().typeString("m")[39m
[36minfo[39m: [debug] [32m[INST] 2015-04-16 20:52:13 +0000 Debug: target.frontMostApp().keyboard().typeString("a")[39m
[36minfo[39m: [debug] [32m[INST] 2015-04-16 20:52:13 +0000 Debug: target.frontMostApp().keyboard().typeString("i")[39m
[36minfo[39m: [debug] [32m[INST] 2015-04-16 20:52:14 +0000 Debug: target.frontMostApp().keyboard().typeString("l")[39m
[36minfo[39m: [debug] [32m[INST] 2015-04-16 20:52:14 +0000 Debug: target.frontMostApp().keyboard().typeString(".")[39m
[36minfo[39m: [debug] [32m[INST] 2015-04-16 20:52:14 +0000 Debug: target.frontMostApp().keyboard().typeString("c")[39m
[36minfo[39m: [debug] [32m[INST] 2015-04-16 20:52:15 +0000 Debug: target.frontMostApp().keyboard().typeString("o")[39m
[36minfo[39m: [debug] [32m[INST] 2015-04-16 20:52:15 +0000 Debug: target.frontMostApp().keyboard().typeString("m")[39m
[36minfo[39m: [debug] [32m[INST] 2015-04-16 20:52:15 +0000 Debug: evaluation finished[39m
[36minfo[39m: [debug] [32m[INST] 2015-04-16 20:52:15 +0000 Debug: responding with:[39m
[36minfo[39m: [debug] [32m[INST] 2015-04-16 20:52:15 +0000 Debug: Running system command #15: /usr/local/Cellar/node/0.12.2_1/bin/node /Applications/Appium.app/Contents/Resources/node_modules/appium/node_modules/appium-uiauto/bin/command-proxy-client.js /tmp/instruments_sock 2,{"status":0,"value":""}...[39m
[36minfo[39m: [debug] Socket data received (25 bytes)
[36minfo[39m: [debug] Socket data being routed.
[36minfo[39m: [debug] Got result from instruments: {"status":0,"value":""}
[36minfo[39m: [debug] Responding to client with success: {"status":0,"value":"","sessionId":"1a692594-52b5-490f-8818-d184f8b3456b"}
[36minfo[39m: [37m<-- POST /wd/hub/session/1a692594-52b5-490f-8818-d184f8b3456b/element/4/value [39m[32m200[39m[90m 9819.652 ms - 74[39m [90m{"status":0,"value":"","sessionId":"1a692594-52b5-490f-8818-d184f8b3456b"}[39m
[36minfo[39m: [37m-->[39m [37mPOST[39m [37m/wd/hub/session/1a692594-52b5-490f-8818-d184f8b3456b/execute[39m [90m{"script":"        (function() {\n        var opts = {\"typeArray\":[\"*\"],\"onlyVisible\":true,\"name\":{\"target\":\"PIN\",\"substring\":true,\"insensitive\":true},\"label\":{\"target\":\"PIN\",\"substring\":true,\"insensitive\":true},\"value\":{\"target\":\"PIN\",\"substring\":true,\"insensitive\":true},\"onlyFirst\":true}\n\n        return $.mainWindow()._elementOrElementsByType(opts);\n        })();\n","args":[]}[39m
[36minfo[39m: [debug] Pushing command to appium work queue: "        (function() {\n        var opts = {\"typeArray\":[\"*\"],\"onlyVisible\":true,\"name\":{\"target\":\"PIN\",\"substring\":true,\"insensitive\":true},\"label\":{\"target\":\"PIN\",\"substring\":true,\"insensitive\":true},\"value\":{\"target\":\"PIN\",\"substring\":true,\"insensitive\":true},\"onlyFirst\":true}\n\n        return $.mainWindow()._elementOrElementsByType(opts);\n        })();\n"
[36minfo[39m: [debug] Sending command to instruments:         (function() {
        var opts = {"typeArray":["*"],"onlyVisible":true,"name":{"target":"PIN","substring":true,"insensitive":true},"label":{"target":"PIN","substring":true,"insensitive":true},"value":{"target":"PIN","substring":true,"insensitive":true},"onlyFirst":true}

        return $.mainWindow()._elementOrElementsByType(opts);
        })();

[36minfo[39m: [debug] [32m[INST] 2015-04-16 20:52:16 +0000 Debug: Got new command 15 from instruments:         (function() {
               var opts = {"typeArray":["*"],"onlyVisible":true,"name":{"target":"PIN","substring":true,"insensitive":true},"label":{"target":"PIN","substring":true,"insensitive":true},"value":{"target":"PIN","substring":true,"insensitive":true},"onlyFirst":true}
        return $.mainWindow()._elementOrElementsByType(opts);
        })();

[39m
[36minfo[39m: [debug] [32m[INST] 2015-04-16 20:52:16 +0000 Debug: evaluating         (function() {
               var opts = {"typeArray":["*"],"onlyVisible":true,"name":{"target":"PIN","substring":true,"insensitive":true},"label":{"target":"PIN","substring":true,"insensitive":true},"value":{"target":"PIN","substring":true,"insensitive":true},"onlyFirst":true}
        return $.mainWindow()._elementOrElementsByType(opts);
        })();

[39m
[36minfo[39m: [debug] [32m[INST] 2015-04-16 20:52:16 +0000 Debug: evaluation finished[39m
[36minfo[39m: [debug] [32m[INST] 2015-04-16 20:52:16 +0000 Debug: responding with:[39m
[36minfo[39m: [debug] [32m[INST] 2015-04-16 20:52:16 +0000 Debug: Running system command #16: /usr/local/Cellar/node/0.12.2_1/bin/node /Applications/Appium.app/Contents/Resources/node_modules/appium/node_modules/appium-uiauto/bin/command-proxy-client.js /tmp/instruments_sock 2,{"status":0,"value":[{"ELEMENT":"5"}]}...[39m
[36minfo[39m: [debug] Socket data received (40 bytes)
[36minfo[39m: [debug] Socket data being routed.
[36minfo[39m: [debug] Got result from instruments: {"status":0,"value":[{"ELEMENT":"5"}]}
[36minfo[39m: [debug] Responding to client with success: {"status":0,"value":[{"ELEMENT":"5"}],"sessionId":"1a692594-52b5-490f-8818-d184f8b3456b"}
[36minfo[39m: [37m<-- POST /wd/hub/session/1a692594-52b5-490f-8818-d184f8b3456b/execute [39m[32m200[39m[90m 220.649 ms - 89[39m [90m{"status":0,"value":[{"ELEMENT":"5"}],"sessionId":"1a692594-52b5-490f-8818-d184f8b3456b"}[39m
[36minfo[39m: [37m-->[39m [37mGET[39m [37m/wd/hub/session/1a692594-52b5-490f-8818-d184f8b3456b/element/5/size[39m [90m{}[39m
[36minfo[39m: [debug] Pushing command to appium work queue: "au.getElement('5').getElementSize()"
[36minfo[39m: [debug] Sending command to instruments: au.getElement('5').getElementSize()
[36minfo[39m: [debug] [32m[INST] 2015-04-16 20:52:16 +0000 Debug: Got new command 16 from instruments: au.getElement('5').getElementSize()[39m
[36minfo[39m: [debug] [32m[INST] 2015-04-16 20:52:16 +0000 Debug: evaluating au.getElement('5').getElementSize()[39m
[36minfo[39m: [debug] [32m[INST] 2015-04-16 20:52:16 +0000 Debug: evaluation finished[39m
[36minfo[39m: [debug] [32m[INST] 2015-04-16 20:52:16 +0000 Debug: responding with:[39m
[36minfo[39m: [debug] [32m[INST] 2015-04-16 20:52:16 +0000 Debug: Running system command #17: /usr/local/Cellar/node/0.12.2_1/bin/node /Applications/Appium.app/Contents/Resources/node_modules/appium/node_modules/appium-uiauto/bin/command-proxy-client.js /tmp/instruments_sock 2,{"status":0,"value":{"width":292,"height":42}}...[39m
[36minfo[39m: [debug] Socket data received (48 bytes)
[36minfo[39m: [debug] Socket data being routed.
[36minfo[39m: [debug] Got result from instruments: {"status":0,"value":{"width":292,"height":42}}
[36minfo[39m: [debug] Responding to client with success: {"status":0,"value":{"width":292,"height":42},"sessionId":"1a692594-52b5-490f-8818-d184f8b3456b"}
[36minfo[39m: [37m<-- GET /wd/hub/session/1a692594-52b5-490f-8818-d184f8b3456b/element/5/size [39m[32m200[39m[90m 88.087 ms - 97[39m [90m{"status":0,"value":{"width":292,"height":42},"sessionId":"1a692594-52b5-490f-8818-d184f8b3456b"}[39m
[36minfo[39m: [37m-->[39m [37mGET[39m [37m/wd/hub/session/1a692594-52b5-490f-8818-d184f8b3456b/element/5/location[39m [90m{}[39m
[36minfo[39m: [debug] Pushing command to appium work queue: "au.getElement('5').getElementLocation()"
[36minfo[39m: [debug] Sending command to instruments: au.getElement('5').getElementLocation()
[36minfo[39m: [debug] [32m[INST] 2015-04-16 20:52:16 +0000 Debug: Got new command 17 from instruments: au.getElement('5').getElementLocation()[39m
[36minfo[39m: [debug] [32m[INST] 2015-04-16 20:52:16 +0000 Debug: evaluating au.getElement('5').getElementLocation()[39m
[36minfo[39m: [debug] [32m[INST] 2015-04-16 20:52:16 +0000 Debug: evaluation finished[39m
[36minfo[39m: [debug] [32m[INST] 2015-04-16 20:52:16 +0000 Debug: responding with:[39m
[36minfo[39m: [debug] Socket data received (39 bytes)
[36minfo[39m: [debug] [32m[INST] 2015-04-16 20:52:16 +0000 Debug: Running system command #18: /usr/local/Cellar/node/0.12.2_1/bin/node /Applications/Appium.app/Contents/Resources/node_modules/appium/node_modules/appium-uiauto/bin/command-proxy-client.js /tmp/instruments_sock 2,{"status":0,"value":{"x":13,"y":193}}...[39m
[36minfo[39m: [debug] Socket data being routed.
[36minfo[39m: [debug] Got result from instruments: {"status":0,"value":{"x":13,"y":193}}
[36minfo[39m: [debug] Responding to client with success: {"status":0,"value":{"x":13,"y":193},"sessionId":"1a692594-52b5-490f-8818-d184f8b3456b"}
[36minfo[39m: [37m<-- GET /wd/hub/session/1a692594-52b5-490f-8818-d184f8b3456b/element/5/location [39m[32m200[39m[90m 91.364 ms - 88[39m [90m{"status":0,"value":{"x":13,"y":193},"sessionId":"1a692594-52b5-490f-8818-d184f8b3456b"}[39m
[36minfo[39m: [37m-->[39m [37mPOST[39m [37m/wd/hub/session/1a692594-52b5-490f-8818-d184f8b3456b/element/5/value[39m [90m{"value":["8836"]}[39m
[36minfo[39m: [debug] Pushing command to appium work queue: "au.getElement('5').setValueByType('8836')"
[36minfo[39m: [debug] Sending command to instruments: au.getElement('5').setValueByType('8836')
[36minfo[39m: [debug] [32m[INST] 2015-04-16 20:52:16 +0000 Debug: Got new command 18 from instruments: au.getElement('5').setValueByType('8836')[39m
[36minfo[39m: [debug] [32m[INST] 2015-04-16 20:52:16 +0000 Debug: evaluating au.getElement('5').setValueByType('8836')[39m
[36minfo[39m: [debug] [32m[INST] 2015-04-16 20:52:16 +0000 Debug: No keyboard found. Tapping to make visible.[39m
[36minfo[39m: [debug] [32m[INST] 2015-04-16 20:52:16 +0000 Debug: target.frontMostApp().mainWindow().elements()[1].elements()[3].tap()[39m
[36minfo[39m: [debug] [32m[INST] 2015-04-16 20:52:16 +0000 Debug: Still no keyboard found. Tapping again to make visible.[39m
[36minfo[39m: [debug] [32m[INST] 2015-04-16 20:52:16 +0000 Debug: target.frontMostApp().mainWindow().elements()[1].elements()[3].tap()[39m
[36minfo[39m: [debug] [32m[INST] 2015-04-16 20:52:16 +0000 Debug: target.frontMostApp().keyboard().typeString("8")[39m
[36minfo[39m: [debug] [32m[INST] 2015-04-16 20:52:17 +0000 Debug: target.frontMostApp().keyboard().typeString("8")[39m
[36minfo[39m: [debug] [32m[INST] 2015-04-16 20:52:17 +0000 Debug: target.frontMostApp().keyboard().typeString("3")[39m
[36minfo[39m: [debug] [32m[INST] 2015-04-16 20:52:18 +0000 Debug: target.frontMostApp().keyboard().typeString("6")[39m
[36minfo[39m: [debug] [32m[INST] 2015-04-16 20:52:18 +0000 Debug: evaluation finished[39m
[36minfo[39m: [debug] [32m[INST] 2015-04-16 20:52:18 +0000 Debug: responding with:[39m
[36minfo[39m: [debug] [32m[INST] 2015-04-16 20:52:18 +0000 Debug: Running system command #19: /usr/local/Cellar/node/0.12.2_1/bin/node /Applications/Appium.app/Contents/Resources/node_modules/appium/node_modules/appium-uiauto/bin/command-proxy-client.js /tmp/instruments_sock 2,{"status":0,"value":""}...[39m
[36minfo[39m: [debug] Socket data received (25 bytes)
[36minfo[39m: [debug] Socket data being routed.
[36minfo[39m: [debug] Got result from instruments: {"status":0,"value":""}
[36minfo[39m: [debug] Responding to client with success: {"status":0,"value":"","sessionId":"1a692594-52b5-490f-8818-d184f8b3456b"}
[36minfo[39m: [37m<-- POST /wd/hub/session/1a692594-52b5-490f-8818-d184f8b3456b/element/5/value [39m[32m200[39m[90m 2023.102 ms - 74[39m [90m{"status":0,"value":"","sessionId":"1a692594-52b5-490f-8818-d184f8b3456b"}[39m
[36minfo[39m: [37m-->[39m [37mPOST[39m [37m/wd/hub/session/1a692594-52b5-490f-8818-d184f8b3456b/element[39m [90m{"using":"name","value":"Login"}[39m
[36minfo[39m: [debug] Waiting up to 30000ms for condition
[36minfo[39m: [debug] Pushing command to appium work queue: "au.getElementByName('Login')"
[36minfo[39m: [debug] Sending command to instruments: au.getElementByName('Login')
[36minfo[39m: [debug] [32m[INST] 2015-04-16 20:52:18 +0000 Debug: Got new command 19 from instruments: au.getElementByName('Login')[39m
[36minfo[39m: [debug] [32m[INST] 2015-04-16 20:52:18 +0000 Debug: evaluating au.getElementByName('Login')[39m
[36minfo[39m: [debug] [32m[INST] 2015-04-16 20:52:18 +0000 Debug: evaluation finished[39m
[36minfo[39m: [debug] [32m[INST] 2015-04-16 20:52:18 +0000 Debug: Lookup returned [object UIAButton] with the name "Login" (id: 6).[39m
[36minfo[39m: [debug] [32m[INST] 2015-04-16 20:52:18 +0000 Debug: responding with:[39m
[36minfo[39m: [debug] [32m[INST] 2015-04-16 20:52:18 +0000 Debug: Running system command #20: /usr/local/Cellar/node/0.12.2_1/bin/node /Applications/Appium.app/Contents/Resources/node_modules/appium/node_modules/appium-uiauto/bin/command-proxy-client.js /tmp/instruments_sock 2,{"status":0,"value":{"ELEMENT":"6"}}...[39m
[36minfo[39m: [debug] Socket data received (38 bytes)
[36minfo[39m: [debug] Socket data being routed.
[36minfo[39m: [debug] Got result from instruments: {"status":0,"value":{"ELEMENT":"6"}}
[36minfo[39m: [debug] Responding to client with success: {"status":0,"value":{"ELEMENT":"6"},"sessionId":"1a692594-52b5-490f-8818-d184f8b3456b"}
[36minfo[39m: [37m<-- POST /wd/hub/session/1a692594-52b5-490f-8818-d184f8b3456b/element [39m[32m200[39m[90m 130.703 ms - 87[39m [90m{"status":0,"value":{"ELEMENT":"6"},"sessionId":"1a692594-52b5-490f-8818-d184f8b3456b"}[39m
[36minfo[39m: [37m-->[39m [37mPOST[39m [37m/wd/hub/session/1a692594-52b5-490f-8818-d184f8b3456b/element/6/click[39m [90m{}[39m
[36minfo[39m: [debug] Pushing command to appium work queue: "au.tapById('6')"
[36minfo[39m: [debug] Sending command to instruments: au.tapById('6')
[36minfo[39m: [debug] [32m[INST] 2015-04-16 20:52:18 +0000 Debug: Got new command 20 from instruments: au.tapById('6')[39m
[36minfo[39m: [debug] [32m[INST] 2015-04-16 20:52:18 +0000 Debug: evaluating au.tapById('6')[39m
[36minfo[39m: [debug] [32m[INST] 2015-04-16 20:52:18 +0000 Debug: UIAButton.tap()[39m
[36minfo[39m: [debug] [32m[INST] 2015-04-16 20:52:18 +0000 Debug: evaluation finished[39m
[36minfo[39m: [debug] [32m[INST] 2015-04-16 20:52:18 +0000 Debug: responding with:[39m
[36minfo[39m: [debug] [32m[INST] 2015-04-16 20:52:18 +0000 Debug: Running system command #21: /usr/local/Cellar/node/0.12.2_1/bin/node /Applications/Appium.app/Contents/Resources/node_modules/appium/node_modules/appium-uiauto/bin/command-proxy-client.js /tmp/instruments_sock 2,{"status":0,"value":""}...[39m
[36minfo[39m: [debug] Socket data received (25 bytes)
[36minfo[39m: [debug] Socket data being routed.
[36minfo[39m: [debug] Got result from instruments: {"status":0,"value":""}
[36minfo[39m: [debug] Responding to client with success: {"status":0,"value":"","sessionId":"1a692594-52b5-490f-8818-d184f8b3456b"}
[36minfo[39m: [37m<-- POST /wd/hub/session/1a692594-52b5-490f-8818-d184f8b3456b/element/6/click [39m[32m200[39m[90m 280.805 ms - 74[39m [90m{"status":0,"value":"","sessionId":"1a692594-52b5-490f-8818-d184f8b3456b"}[39m
[36minfo[39m: [37m-->[39m [37mPOST[39m [37m/wd/hub/session/1a692594-52b5-490f-8818-d184f8b3456b/element[39m [90m{"using":"name","value":"Login into LinkedIn"}[39m
[36minfo[39m: [debug] Waiting up to 30000ms for condition
[36minfo[39m: [debug] Pushing command to appium work queue: "au.getElementByName('Login into LinkedIn')"
[36minfo[39m: [debug] Sending command to instruments: au.getElementByName('Login into LinkedIn')
[36minfo[39m: [debug] [32m[INST] 2015-04-16 20:52:18 +0000 Debug: Got new command 21 from instruments: au.getElementByName('Login into LinkedIn')[39m
[36minfo[39m: [debug] [32m[INST] 2015-04-16 20:52:18 +0000 Debug: evaluating au.getElementByName('Login into LinkedIn')[39m
[36minfo[39m: [debug] [32m[INST] 2015-04-16 20:52:18 +0000 Debug: evaluation finished[39m
[36minfo[39m: [debug] [32m[INST] 2015-04-16 20:52:18 +0000 Debug: responding with:[39m
[36minfo[39m: [debug] [32m[INST] 2015-04-16 20:52:18 +0000 Debug: Running system command #22: /usr/local/Cellar/node/0.12.2_1/bin/node /Applications/Appium.app/Contents/Resources/node_modules/appium/node_modules/appium-uiauto/bin/command-proxy-client.js /tmp/instruments_sock 2,{"status":0,"value":""}...[39m
[36minfo[39m: [debug] Socket data received (25 bytes)
[36minfo[39m: [debug] Socket data being routed.
[36minfo[39m: [debug] Got result from instruments: {"status":0,"value":""}
[36minfo[39m: [debug] Waited for 212ms so far
[36minfo[39m: [debug] Pushing command to appium work queue: "au.getElementByName('Login into LinkedIn')"
[36minfo[39m: [debug] Sending command to instruments: au.getElementByName('Login into LinkedIn')
[36minfo[39m: [debug] [32m[INST] 2015-04-16 20:52:19 +0000 Debug: Got new command 22 from instruments: au.getElementByName('Login into LinkedIn')[39m
[36minfo[39m: [debug] [32m[INST] 2015-04-16 20:52:19 +0000 Debug: evaluating au.getElementByName('Login into LinkedIn')[39m
[36minfo[39m: [debug] [32m[INST] 2015-04-16 20:52:19 +0000 Debug: evaluation finished[39m
[36minfo[39m: [debug] [32m[INST] 2015-04-16 20:52:19 +0000 Debug: responding with:[39m
[36minfo[39m: [debug] [32m[INST] 2015-04-16 20:52:19 +0000 Debug: Running system command #23: /usr/local/Cellar/node/0.12.2_1/bin/node /Applications/Appium.app/Contents/Resources/node_modules/appium/node_modules/appium-uiauto/bin/command-proxy-client.js /tmp/instruments_sock 2,{"status":0,"value":""}...[39m
[36minfo[39m: [debug] Socket data received (25 bytes)
[36minfo[39m: [debug] Socket data being routed.
[36minfo[39m: [debug] Got result from instruments: {"status":0,"value":""}
[36minfo[39m: [debug] Waited for 861ms so far
[36minfo[39m: [debug] Pushing command to appium work queue: "au.getElementByName('Login into LinkedIn')"
[36minfo[39m: [debug] Sending command to instruments: au.getElementByName('Login into LinkedIn')
[36minfo[39m: [debug] [32m[INST] 2015-04-16 20:52:20 +0000 Debug: Got new command 23 from instruments: au.getElementByName('Login into LinkedIn')[39m
[36minfo[39m: [debug] [32m[INST] 2015-04-16 20:52:20 +0000 Debug: evaluating au.getElementByName('Login into LinkedIn')[39m
[36minfo[39m: [debug] [32m[INST] 2015-04-16 20:52:20 +0000 Debug: evaluation finished[39m
[36minfo[39m: [debug] [32m[INST] 2015-04-16 20:52:20 +0000 Debug: Lookup returned [object UIAStaticText] with the name "Login into LinkedIn" (id: 7).[39m
[36minfo[39m: [debug] [32m[INST] 2015-04-16 20:52:20 +0000 Debug: responding with:[39m
[36minfo[39m: [debug] [32m[INST] 2015-04-16 20:52:20 +0000 Debug: Running system command #24: /usr/local/Cellar/node/0.12.2_1/bin/node /Applications/Appium.app/Contents/Resources/node_modules/appium/node_modules/appium-uiauto/bin/command-proxy-client.js /tmp/instruments_sock 2,{"status":0,"value":{"ELEMENT":"7"}}...[39m
[36minfo[39m: [debug] Socket data received (38 bytes)
[36minfo[39m: [debug] Socket data being routed.
[36minfo[39m: [debug] Got result from instruments: {"status":0,"value":{"ELEMENT":"7"}}
[36minfo[39m: [debug] Responding to client with success: {"status":0,"value":{"ELEMENT":"7"},"sessionId":"1a692594-52b5-490f-8818-d184f8b3456b"}
[36minfo[39m: [37m<-- POST /wd/hub/session/1a692594-52b5-490f-8818-d184f8b3456b/element [39m[32m200[39m[90m 1503.050 ms - 87[39m [90m{"status":0,"value":{"ELEMENT":"7"},"sessionId":"1a692594-52b5-490f-8818-d184f8b3456b"}[39m
[36minfo[39m: [37m-->[39m [37mPOST[39m [37m/wd/hub/session/1a692594-52b5-490f-8818-d184f8b3456b/element[39m [90m{"using":"name","value":"Login"}[39m
[36minfo[39m: [debug] Waiting up to 30000ms for condition
[36minfo[39m: [debug] Pushing command to appium work queue: "au.getElementByName('Login')"
[36minfo[39m: [debug] Sending command to instruments: au.getElementByName('Login')
[36minfo[39m: [debug] [32m[INST] 2015-04-16 20:52:20 +0000 Debug: Got new command 24 from instruments: au.getElementByName('Login')[39m
[36minfo[39m: [debug] [32m[INST] 2015-04-16 20:52:20 +0000 Debug: evaluating au.getElementByName('Login')[39m
[36minfo[39m: [debug] [32m[INST] 2015-04-16 20:52:20 +0000 Debug: evaluation finished[39m
[36minfo[39m: [debug] [32m[INST] 2015-04-16 20:52:20 +0000 Debug: Lookup returned [object UIAButton] with the name "Login" (id: 8).[39m
[36minfo[39m: [debug] [32m[INST] 2015-04-16 20:52:20 +0000 Debug: responding with:[39m
[36minfo[39m: [debug] [32m[INST] 2015-04-16 20:52:20 +0000 Debug: Running system command #25: /usr/local/Cellar/node/0.12.2_1/bin/node /Applications/Appium.app/Contents/Resources/node_modules/appium/node_modules/appium-uiauto/bin/command-proxy-client.js /tmp/instruments_sock 2,{"status":0,"value":{"ELEMENT":"8"}}...[39m
[36minfo[39m: [debug] Socket data received (38 bytes)
[36minfo[39m: [debug] Socket data being routed.
[36minfo[39m: [debug] Got result from instruments: {"status":0,"value":{"ELEMENT":"8"}}
[36minfo[39m: [debug] Responding to client with success: {"status":0,"value":{"ELEMENT":"8"},"sessionId":"1a692594-52b5-490f-8818-d184f8b3456b"}
[36minfo[39m: [37m<-- POST /wd/hub/session/1a692594-52b5-490f-8818-d184f8b3456b/element [39m[32m200[39m[90m 142.048 ms - 87[39m [90m{"status":0,"value":{"ELEMENT":"8"},"sessionId":"1a692594-52b5-490f-8818-d184f8b3456b"}[39m
[36minfo[39m: [37m-->[39m [37mPOST[39m [37m/wd/hub/session/1a692594-52b5-490f-8818-d184f8b3456b/element[39m [90m{"using":"name","value":"No Thanks"}[39m
[36minfo[39m: [debug] Waiting up to 30000ms for condition
[36minfo[39m: [debug] Pushing command to appium work queue: "au.getElementByName('No Thanks')"
[36minfo[39m: [debug] Sending command to instruments: au.getElementByName('No Thanks')
[36minfo[39m: [debug] [32m[INST] 2015-04-16 20:52:20 +0000 Debug: Got new command 25 from instruments: au.getElementByName('No Thanks')[39m
[36minfo[39m: [debug] [32m[INST] 2015-04-16 20:52:20 +0000 Debug: evaluating au.getElementByName('No Thanks')[39m
[36minfo[39m: [debug] [32m[INST] 2015-04-16 20:52:20 +0000 Debug: evaluation finished[39m
[36minfo[39m: [debug] [32m[INST] 2015-04-16 20:52:20 +0000 Debug: Lookup returned [object UIAButton] with the name "No Thanks" (id: 9).[39m
[36minfo[39m: [debug] [32m[INST] 2015-04-16 20:52:20 +0000 Debug: responding with:[39m
[36minfo[39m: [debug] [32m[INST] 2015-04-16 20:52:20 +0000 Debug: Running system command #26: /usr/local/Cellar/node/0.12.2_1/bin/node /Applications/Appium.app/Contents/Resources/node_modules/appium/node_modules/appium-uiauto/bin/command-proxy-client.js /tmp/instruments_sock 2,{"status":0,"value":{"ELEMENT":"9"}}...[39m
[36minfo[39m: [debug] Socket data received (38 bytes)
[36minfo[39m: [debug] Socket data being routed.
[36minfo[39m: [debug] Got result from instruments: {"status":0,"value":{"ELEMENT":"9"}}
[36minfo[39m: [debug] Responding to client with success: {"status":0,"value":{"ELEMENT":"9"},"sessionId":"1a692594-52b5-490f-8818-d184f8b3456b"}
[36minfo[39m: [37m<-- POST /wd/hub/session/1a692594-52b5-490f-8818-d184f8b3456b/element [39m[32m200[39m[90m 100.640 ms - 87[39m [90m{"status":0,"value":{"ELEMENT":"9"},"sessionId":"1a692594-52b5-490f-8818-d184f8b3456b"}[39m
[36minfo[39m: [37m-->[39m [37mPOST[39m [37m/wd/hub/session/1a692594-52b5-490f-8818-d184f8b3456b/element[39m [90m{"using":"name","value":"No Thanks"}[39m
[36minfo[39m: [debug] Waiting up to 30000ms for condition
[36minfo[39m: [debug] Pushing command to appium work queue: "au.getElementByName('No Thanks')"
[36minfo[39m: [debug] Sending command to instruments: au.getElementByName('No Thanks')
[36minfo[39m: [debug] [32m[INST] 2015-04-16 20:52:20 +0000 Debug: Got new command 26 from instruments: au.getElementByName('No Thanks')[39m
[36minfo[39m: [debug] [32m[INST] 2015-04-16 20:52:20 +0000 Debug: evaluating au.getElementByName('No Thanks')[39m
[36minfo[39m: [debug] [32m[INST] 2015-04-16 20:52:20 +0000 Debug: evaluation finished[39m
[36minfo[39m: [debug] [32m[INST] 2015-04-16 20:52:20 +0000 Debug: Lookup returned [object UIAButton] with the name "No Thanks" (id: 10).[39m
[36minfo[39m: [debug] [32m[INST] 2015-04-16 20:52:20 +0000 Debug: responding with:[39m
[36minfo[39m: [debug] [32m[INST] 2015-04-16 20:52:20 +0000 Debug: Running system command #27: /usr/local/Cellar/node/0.12.2_1/bin/node /Applications/Appium.app/Contents/Resources/node_modules/appium/node_modules/appium-uiauto/bin/command-proxy-client.js /tmp/instruments_sock 2,{"status":0,"value":{"ELEMENT":"10"}}...[39m
[36minfo[39m: [debug] Socket data received (39 bytes)
[36minfo[39m: [debug] Socket data being routed.
[36minfo[39m: [debug] Got result from instruments: {"status":0,"value":{"ELEMENT":"10"}}
[36minfo[39m: [debug] Responding to client with success: {"status":0,"value":{"ELEMENT":"10"},"sessionId":"1a692594-52b5-490f-8818-d184f8b3456b"}
[36minfo[39m: [37m<-- POST /wd/hub/session/1a692594-52b5-490f-8818-d184f8b3456b/element [39m[32m200[39m[90m 108.548 ms - 88[39m [90m{"status":0,"value":{"ELEMENT":"10"},"sessionId":"1a692594-52b5-490f-8818-d184f8b3456b"}[39m
[36minfo[39m: [37m-->[39m [37mPOST[39m [37m/wd/hub/session/1a692594-52b5-490f-8818-d184f8b3456b/element/10/click[39m [90m{}[39m
[36minfo[39m: [debug] Pushing command to appium work queue: "au.tapById('10')"
[36minfo[39m: [debug] Sending command to instruments: au.tapById('10')
[36minfo[39m: [debug] [32m[INST] 2015-04-16 20:52:20 +0000 Debug: Got new command 27 from instruments: au.tapById('10')[39m
[36minfo[39m: [debug] [32m[INST] 2015-04-16 20:52:20 +0000 Debug: evaluating au.tapById('10')[39m
[36minfo[39m: [debug] [32m[INST] 2015-04-16 20:52:20 +0000 Debug: UIAButton.tap()[39m
[36minfo[39m: [debug] [32m[INST] 2015-04-16 20:52:20 +0000 Debug: evaluation finished[39m
[36minfo[39m: [debug] [32m[INST] 2015-04-16 20:52:20 +0000 Debug: responding with:[39m
[36minfo[39m: [debug] [32m[INST] 2015-04-16 20:52:20 +0000 Debug: Running system command #28: /usr/local/Cellar/node/0.12.2_1/bin/node /Applications/Appium.app/Contents/Resources/node_modules/appium/node_modules/appium-uiauto/bin/command-proxy-client.js /tmp/instruments_sock 2,{"status":0,"value":""}...[39m
[36minfo[39m: [debug] Socket data received (25 bytes)
[36minfo[39m: [debug] Socket data being routed.
[36minfo[39m: [debug] Got result from instruments: {"status":0,"value":""}
[36minfo[39m: [debug] Responding to client with success: {"status":0,"value":"","sessionId":"1a692594-52b5-490f-8818-d184f8b3456b"}
[36minfo[39m: [37m<-- POST /wd/hub/session/1a692594-52b5-490f-8818-d184f8b3456b/element/10/click [39m[32m200[39m[90m 296.538 ms - 74[39m [90m{"status":0,"value":"","sessionId":"1a692594-52b5-490f-8818-d184f8b3456b"}[39m
[36minfo[39m: [37m-->[39m [37mPOST[39m [37m/wd/hub/session/1a692594-52b5-490f-8818-d184f8b3456b/dismiss_alert[39m [90m{}[39m
[36minfo[39m: [debug] Pushing command to appium work queue: "au.dismissAlert()"
[36minfo[39m: [debug] Sending command to instruments: au.dismissAlert()
[36minfo[39m: [debug] [32m[INST] 2015-04-16 20:52:21 +0000 Debug: Got new command 28 from instruments: au.dismissAlert()[39m
[36minfo[39m: [debug] [32m[INST] 2015-04-16 20:52:21 +0000 Debug: evaluating au.dismissAlert()[39m
[36minfo[39m: [debug] [32m[INST] 2015-04-16 20:52:21 +0000 Debug: target.frontMostApp().alert().buttons()[0].tap()[39m
[36minfo[39m: [debug] [32m[INST] 2015-04-16 20:52:22 +0000 Debug: Waiting for alert to close...[39m
[36minfo[39m: [debug] [32m[INST] 2015-04-16 20:52:23 +0000 Debug: Waiting for alert to close...[39m
[36minfo[39m: [debug] [32m[INST] 2015-04-16 20:52:23 +0000 Debug: evaluation finished[39m
[36minfo[39m: [debug] Socket data received (25 bytes)
[36minfo[39m: [debug] Socket data being routed.
[36minfo[39m: [debug] Got result from instruments: {"status":0,"value":""}
[36minfo[39m: [debug] Responding to client with success: {"status":0,"value":"","sessionId":"1a692594-52b5-490f-8818-d184f8b3456b"}
[36minfo[39m: [37m<-- POST /wd/hub/session/1a692594-52b5-490f-8818-d184f8b3456b/dismiss_alert [39m[32m200[39m[90m 2572.969 ms - 74[39m [90m{"status":0,"value":"","sessionId":"1a692594-52b5-490f-8818-d184f8b3456b"}[39m
[36minfo[39m: [37m-->[39m [37mPOST[39m [37m/wd/hub/session/1a692594-52b5-490f-8818-d184f8b3456b/element[39m [90m{"using":"name","value":"Logistics"}[39m
[36minfo[39m: [debug] Waiting up to 30000ms for condition
[36minfo[39m: [debug] Pushing command to appium work queue: "au.getElementByName('Logistics')"
[36minfo[39m: [debug] Sending command to instruments: au.getElementByName('Logistics')
[36minfo[39m: [debug] [32m[INST] 2015-04-16 20:52:23 +0000 Debug: responding with:[39m
[36minfo[39m: [debug] [32m[INST] 2015-04-16 20:52:23 +0000 Debug: Running system command #29: /usr/local/Cellar/node/0.12.2_1/bin/node /Applications/Appium.app/Contents/Resources/node_modules/appium/node_modules/appium-uiauto/bin/command-proxy-client.js /tmp/instruments_sock 2,{"status":0,"value":""}...[39m
[36minfo[39m: [debug] [32m[INST] 2015-04-16 20:52:23 +0000 Debug: Got new command 29 from instruments: au.getElementByName('Logistics')[39m
[36minfo[39m: [debug] [32m[INST] 2015-04-16 20:52:23 +0000 Debug: evaluating au.getElementByName('Logistics')[39m
[36minfo[39m: [debug] [32m[INST] 2015-04-16 20:52:23 +0000 Debug: evaluation finished[39m
[36minfo[39m: [debug] [32m[INST] 2015-04-16 20:52:23 +0000 Debug: Lookup returned [object UIATableCell] with the name "Logistics" (id: 11).[39m
[36minfo[39m: [debug] [32m[INST] 2015-04-16 20:52:23 +0000 Debug: responding with:[39m
[36minfo[39m: [debug] [32m[INST] 2015-04-16 20:52:23 +0000 Debug: Running system command #30: /usr/local/Cellar/node/0.12.2_1/bin/node /Applications/Appium.app/Contents/Resources/node_modules/appium/node_modules/appium-uiauto/bin/command-proxy-client.js /tmp/instruments_sock 2,{"status":0,"value":{"ELEMENT":"11"}}...[39m
[36minfo[39m: [debug] Socket data received (39 bytes)
[36minfo[39m: [debug] Socket data being routed.
[36minfo[39m: [debug] Got result from instruments: {"status":0,"value":{"ELEMENT":"11"}}
[36minfo[39m: [debug] Responding to client with success: {"status":0,"value":{"ELEMENT":"11"},"sessionId":"1a692594-52b5-490f-8818-d184f8b3456b"}
[36minfo[39m: [37m<-- POST /wd/hub/session/1a692594-52b5-490f-8818-d184f8b3456b/element [39m[32m200[39m[90m 122.973 ms - 88[39m [90m{"status":0,"value":{"ELEMENT":"11"},"sessionId":"1a692594-52b5-490f-8818-d184f8b3456b"}[39m
